# JRE version: OpenJDK Runtime Environment (17.0.6) (build 17.0.6+0-b2043.56-10027231)
# Java VM: OpenJDK 64-Bit Server VM (17.0.6+0-b2043.56-10027231, mixed mode, tiered, compressed oops, compressed class ptrs, g1 gc, windows-amd64)
GC Precious Log:
 CPUs: 4 total, 4 available
 Memory: 8067M
 Large Page Support: Disabled
 NUMA Support: Disabled
 Compressed Oops: Enabled (32-bit)
 Heap Region Size: 1M
 Heap Min Capacity: 8M
 Heap Initial Capacity: 128M
 Heap Max Capacity: 2G
 Pre-touch: Disabled
 Parallel Workers: 4
 Concurrent Workers: 1
 Concurrent Refinement Workers: 4
 Periodic GC: Disabled
Heap:
 garbage-first heap   total 516096K, used 249344K [0x0000000080000000, 0x0000000100000000)
  region size 1024K, 8 young (8192K), 8 survivors (8192K)
 Metaspace       used 150807K, committed 152256K, reserved 1187840K
  class space    used 19001K, committed 19712K, reserved 1048576K
GC Heap History (20 events):
Event: 1875.021 GC heap after
{Heap after GC invocations=81 (full 0):
 garbage-first heap   total 516096K, used 133660K [0x0000000080000000, 0x0000000100000000)
  region size 1024K, 3 young (3072K), 3 survivors (3072K)
 Metaspace       used 141832K, committed 143104K, reserved 1179648K
  class space    used 18076K, committed 18688K, reserved 1048576K
}
Event: 1881.700 GC heap before
{Heap before GC invocations=81 (full 0):
 garbage-first heap   total 516096K, used 206364K [0x0000000080000000, 0x0000000100000000)
  region size 1024K, 76 young (77824K), 3 survivors (3072K)
 Metaspace       used 144947K, committed 146304K, reserved 1179648K
  class space    used 18420K, committed 19072K, reserved 1048576K
}
Event: 1881.789 GC heap after
{Heap after GC invocations=82 (full 0):
 garbage-first heap   total 516096K, used 146945K [0x0000000080000000, 0x0000000100000000)
  region size 1024K, 16 young (16384K), 16 survivors (16384K)
 Metaspace       used 144947K, committed 146304K, reserved 1179648K
  class space    used 18420K, committed 19072K, reserved 1048576K
}
Event: 1888.461 GC heap before
{Heap before GC invocations=83 (full 0):
 garbage-first heap   total 516096K, used 284161K [0x0000000080000000, 0x0000000100000000)
  region size 1024K, 107 young (109568K), 16 survivors (16384K)
 Metaspace       used 145744K, committed 147072K, reserved 1179648K
  class space    used 18485K, committed 19136K, reserved 1048576K
}
Event: 1888.663 GC heap after
{Heap after GC invocations=84 (full 0):
 garbage-first heap   total 516096K, used 169465K [0x0000000080000000, 0x0000000100000000)
  region size 1024K, 14 young (14336K), 14 survivors (14336K)
 Metaspace       used 145744K, committed 147072K, reserved 1179648K
  class space    used 18485K, committed 19136K, reserved 1048576K
}
Event: 1889.117 GC heap before
{Heap before GC invocations=84 (full 0):
 garbage-first heap   total 516096K, used 179705K [0x0000000080000000, 0x0000000100000000)
  region size 1024K, 25 young (25600K), 14 survivors (14336K)
 Metaspace       used 145753K, committed 147072K, reserved 1179648K
  class space    used 18486K, committed 19136K, reserved 1048576K
}
Event: 1889.157 GC heap after
{Heap after GC invocations=85 (full 0):
 garbage-first heap   total 516096K, used 165888K [0x0000000080000000, 0x0000000100000000)
  region size 1024K, 4 young (4096K), 4 survivors (4096K)
 Metaspace       used 145753K, committed 147072K, reserved 1179648K
  class space    used 18486K, committed 19136K, reserved 1048576K
}
Event: 1893.035 GC heap before
{Heap before GC invocations=85 (full 0):
 garbage-first heap   total 516096K, used 279552K [0x0000000080000000, 0x0000000100000000)
  region size 1024K, 116 young (118784K), 4 survivors (4096K)
 Metaspace       used 150179K, committed 151552K, reserved 1187840K
  class space    used 18872K, committed 19520K, reserved 1048576K
}
Event: 1893.071 GC heap after
{Heap after GC invocations=86 (full 0):
 garbage-first heap   total 516096K, used 176119K [0x0000000080000000, 0x0000000100000000)
  region size 1024K, 14 young (14336K), 14 survivors (14336K)
 Metaspace       used 150179K, committed 151552K, reserved 1187840K
  class space    used 18872K, committed 19520K, reserved 1048576K
}
Event: 1901.798 GC heap before
{Heap before GC invocations=87 (full 0):
 garbage-first heap   total 516096K, used 330743K [0x0000000080000000, 0x0000000100000000)
  region size 1024K, 129 young (132096K), 14 survivors (14336K)
 Metaspace       used 152225K, committed 153600K, reserved 1187840K
  class space    used 19099K, committed 19776K, reserved 1048576K
}
Event: 1901.878 GC heap after
{Heap after GC invocations=88 (full 0):
 garbage-first heap   total 516096K, used 196916K [0x0000000080000000, 0x0000000100000000)
  region size 1024K, 17 young (17408K), 17 survivors (17408K)
 Metaspace       used 152225K, committed 153600K, reserved 1187840K
  class space    used 19099K, committed 19776K, reserved 1048576K
}
Event: 1902.022 GC heap before
{Heap before GC invocations=88 (full 0):
 garbage-first heap   total 516096K, used 204084K [0x0000000080000000, 0x0000000100000000)
  region size 1024K, 25 young (25600K), 17 survivors (17408K)
 Metaspace       used 152225K, committed 153600K, reserved 1187840K
  class space    used 19099K, committed 19776K, reserved 1048576K
}
Event: 1902.082 GC heap after
{Heap after GC invocations=89 (full 0):
 garbage-first heap   total 516096K, used 189633K [0x0000000080000000, 0x0000000100000000)
  region size 1024K, 4 young (4096K), 4 survivors (4096K)
 Metaspace       used 152225K, committed 153600K, reserved 1187840K
  class space    used 19099K, committed 19776K, reserved 1048576K
}
Event: 1902.424 GC heap before
{Heap before GC invocations=89 (full 0):
 garbage-first heap   total 516096K, used 221377K [0x0000000080000000, 0x0000000100000000)
  region size 1024K, 37 young (37888K), 4 survivors (4096K)
 Metaspace       used 152679K, committed 154112K, reserved 1187840K
  class space    used 19154K, committed 19840K, reserved 1048576K
}
Event: 1902.478 GC heap after
{Heap after GC invocations=90 (full 0):
 garbage-first heap   total 516096K, used 197957K [0x0000000080000000, 0x0000000100000000)
  region size 1024K, 12 young (12288K), 12 survivors (12288K)
 Metaspace       used 152679K, committed 154112K, reserved 1187840K
  class space    used 19154K, committed 19840K, reserved 1048576K
}
Event: 1904.536 GC heap before
{Heap before GC invocations=91 (full 0):
 garbage-first heap   total 516096K, used 271685K [0x0000000080000000, 0x0000000100000000)
  region size 1024K, 80 young (81920K), 12 survivors (12288K)
 Metaspace       used 150753K, committed 152192K, reserved 1187840K
  class space    used 19001K, committed 19712K, reserved 1048576K
}
Event: 1904.704 GC heap after
{Heap after GC invocations=92 (full 0):
 garbage-first heap   total 516096K, used 225166K [0x0000000080000000, 0x0000000100000000)
  region size 1024K, 10 young (10240K), 10 survivors (10240K)
 Metaspace       used 150753K, committed 152192K, reserved 1187840K
  class space    used 19001K, committed 19712K, reserved 1048576K
}
Event: 1904.919 GC heap before
{Heap before GC invocations=92 (full 0):
 garbage-first heap   total 516096K, used 239502K [0x0000000080000000, 0x0000000100000000)
  region size 1024K, 25 young (25600K), 10 survivors (10240K)
 Metaspace       used 150773K, committed 152192K, reserved 1187840K
  class space    used 19001K, committed 19712K, reserved 1048576K
}
Event: 1905.032 GC heap after
{Heap after GC invocations=93 (full 0):
 garbage-first heap   total 516096K, used 220672K [0x0000000080000000, 0x0000000100000000)
  region size 1024K, 4 young (4096K), 4 survivors (4096K)
 Metaspace       used 150773K, committed 152192K, reserved 1187840K
  class space    used 19001K, committed 19712K, reserved 1048576K
}
Event: 1905.360 GC heap before
{Heap before GC invocations=93 (full 0):
 garbage-first heap   total 516096K, used 278016K [0x0000000080000000, 0x0000000100000000)
  region size 1024K, 60 young (61440K), 4 survivors (4096K)
 Metaspace       used 150807K, committed 152256K, reserved 1187840K
  class space    used 19001K, committed 19712K, reserved 1048576K
}

